<?xml version="1.0" encoding="UTF-8"?>
<testsuite name="JUnit Jupiter" tests="36" skipped="0" failures="0" errors="0" time="0.145" hostname="MBP-di-Antonio" timestamp="2020-05-17T16:44:34">
<properties>
[...]
</properties>
<testcase name="testGetSimbolo()" classname="scacchiera.pedine.PezzoTest" time="0.026">
<system-out><![CDATA[
unique-id: [engine:junit-jupiter]/[class:scacchiera.pedine.PezzoTest]/[method:testGetSimbolo()]
display-name: testGetSimbolo()
]]></system-out>
</testcase>
<testcase name="testToString()" classname="scacchiera.pedine.PezzoTest" time="0.001">
<system-out><![CDATA[
unique-id: [engine:junit-jupiter]/[class:scacchiera.pedine.PezzoTest]/[method:testToString()]
display-name: testToString()
]]></system-out>
</testcase>
<testcase name="testGetNome()" classname="scacchiera.pedine.PezzoTest" time="0">
<system-out><![CDATA[
unique-id: [engine:junit-jupiter]/[class:scacchiera.pedine.PezzoTest]/[method:testGetNome()]
display-name: testGetNome()
]]></system-out>
</testcase>
<testcase name="testGetColore()" classname="scacchiera.pedine.PezzoTest" time="0">
<system-out><![CDATA[
unique-id: [engine:junit-jupiter]/[class:scacchiera.pedine.PezzoTest]/[method:testGetColore()]
display-name: testGetColore()
]]></system-out>
</testcase>
<testcase name="testEndX()" classname="scacchiera.CellaTest" time="0.001">
<system-out><![CDATA[
unique-id: [engine:junit-jupiter]/[class:scacchiera.CellaTest]/[method:testEndX()]
display-name: testEndX()
]]></system-out>
</testcase>
<testcase name="testEndY()" classname="scacchiera.CellaTest" time="0">
<system-out><![CDATA[
unique-id: [engine:junit-jupiter]/[class:scacchiera.CellaTest]/[method:testEndY()]
display-name: testEndY()
]]></system-out>
</testcase>
<testcase name="testCostruttore()" classname="scacchiera.CellaTest" time="0.002">
<system-out><![CDATA[
unique-id: [engine:junit-jupiter]/[class:scacchiera.CellaTest]/[method:testCostruttore()]
display-name: testCostruttore()
]]></system-out>
</testcase>
<testcase name="testStartX()" classname="scacchiera.CellaTest" time="0.001">
<system-out><![CDATA[
unique-id: [engine:junit-jupiter]/[class:scacchiera.CellaTest]/[method:testStartX()]
display-name: testStartX()
]]></system-out>
</testcase>
<testcase name="testStartY()" classname="scacchiera.CellaTest" time="0.001">
<system-out><![CDATA[
unique-id: [engine:junit-jupiter]/[class:scacchiera.CellaTest]/[method:testStartY()]
display-name: testStartY()
]]></system-out>
</testcase>
<testcase name="testSetGiocatoreInAttesa()" classname="gioco.TurnoTest" time="0">
<system-out><![CDATA[
unique-id: [engine:junit-jupiter]/[class:gioco.TurnoTest]/[method:testSetGiocatoreInAttesa()]
display-name: testSetGiocatoreInAttesa()
]]></system-out>
</testcase>
<testcase name="testGetGiocatoreInAttesa()" classname="gioco.TurnoTest" time="0">
<system-out><![CDATA[
unique-id: [engine:junit-jupiter]/[class:gioco.TurnoTest]/[method:testGetGiocatoreInAttesa()]
display-name: testGetGiocatoreInAttesa()
]]></system-out>
</testcase>
<testcase name="testSetGiocatoreInTurno()" classname="gioco.TurnoTest" time="0">
<system-out><![CDATA[
unique-id: [engine:junit-jupiter]/[class:gioco.TurnoTest]/[method:testSetGiocatoreInTurno()]
display-name: testSetGiocatoreInTurno()
]]></system-out>
</testcase>
<testcase name="testGetGiocatoreInTurno()" classname="gioco.TurnoTest" time="0.002">
<system-out><![CDATA[
unique-id: [engine:junit-jupiter]/[class:gioco.TurnoTest]/[method:testGetGiocatoreInTurno()]
display-name: testGetGiocatoreInTurno()
]]></system-out>
</testcase>
<testcase name="testGetArrayStoriaMosse()" classname="gioco.TurnoTest" time="0.001">
<system-out><![CDATA[
unique-id: [engine:junit-jupiter]/[class:gioco.TurnoTest]/[method:testGetArrayStoriaMosse()]
display-name: testGetArrayStoriaMosse()
]]></system-out>
</testcase>
<testcase name="testIsEnPassantValido()" classname="scacchiera.pedine.PedoneTest" time="0.003">
<system-out><![CDATA[
unique-id: [engine:junit-jupiter]/[class:scacchiera.pedine.PedoneTest]/[method:testIsEnPassantValido()]
display-name: testIsEnPassantValido()
]]></system-out>
</testcase>
<testcase name="testConvertiMossa()" classname="scacchiera.pedine.PedoneTest" time="0.002">
<system-out><![CDATA[
unique-id: [engine:junit-jupiter]/[class:scacchiera.pedine.PedoneTest]/[method:testConvertiMossa()]
display-name: testConvertiMossa()
]]></system-out>
</testcase>
<testcase name="testIsPedone()" classname="scacchiera.pedine.PedoneTest" time="0.001">
<system-out><![CDATA[
unique-id: [engine:junit-jupiter]/[class:scacchiera.pedine.PedoneTest]/[method:testIsPedone()]
display-name: testIsPedone()
]]></system-out>
</testcase>
<testcase name="testIsMossaValida()" classname="scacchiera.pedine.PedoneTest" time="0.001">
<system-out><![CDATA[
unique-id: [engine:junit-jupiter]/[class:scacchiera.pedine.PedoneTest]/[method:testIsMossaValida()]
display-name: testIsMossaValida()
]]></system-out>
</testcase>
<testcase name="testConvertiMossa()" classname="scacchiera.pedine.AlfiereTest" time="0.001">
<system-out><![CDATA[
unique-id: [engine:junit-jupiter]/[class:scacchiera.pedine.AlfiereTest]/[method:testConvertiMossa()]
display-name: testConvertiMossa()
]]></system-out>
</testcase>
<testcase name="testIsMossaValida()" classname="scacchiera.pedine.AlfiereTest" time="0.001">
<system-out><![CDATA[
unique-id: [engine:junit-jupiter]/[class:scacchiera.pedine.AlfiereTest]/[method:testIsMossaValida()]
display-name: testIsMossaValida()
]]></system-out>
</testcase>
<testcase name="testPlay()" classname="gioco.MenuTest" time="0">
<system-out><![CDATA[
unique-id: [engine:junit-jupiter]/[class:gioco.MenuTest]/[method:testPlay()]
display-name: testPlay()
]]></system-out>
</testcase>
<testcase name="testIsNotazioneAlgebrica()" classname="gioco.MenuTest" time="0.004">
<system-out><![CDATA[
unique-id: [engine:junit-jupiter]/[class:gioco.MenuTest]/[method:testIsNotazioneAlgebrica()]
display-name: testIsNotazioneAlgebrica()
]]></system-out>
</testcase>
<testcase name="testIsComandoValido()" classname="gioco.MenuTest" time="0">
<system-out><![CDATA[
unique-id: [engine:junit-jupiter]/[class:gioco.MenuTest]/[method:testIsComandoValido()]
display-name: testIsComandoValido()
]]></system-out>
</testcase>
<testcase name="testIsArrocco()" classname="gioco.MenuTest" time="0">
<system-out><![CDATA[
unique-id: [engine:junit-jupiter]/[class:gioco.MenuTest]/[method:testIsArrocco()]
display-name: testIsArrocco()
]]></system-out>
</testcase>
<testcase name="test()" classname="scacchiera.pedine.ReTest" time="0">
<system-out><![CDATA[
unique-id: [engine:junit-jupiter]/[class:scacchiera.pedine.ReTest]/[method:test()]
display-name: test()
]]></system-out>
</testcase>
<testcase name="testAddPezziCatturati()" classname="gioco.GiocatoreTest" time="0.001">
<system-out><![CDATA[
unique-id: [engine:junit-jupiter]/[class:gioco.GiocatoreTest]/[method:testAddPezziCatturati()]
display-name: testAddPezziCatturati()
]]></system-out>
</testcase>
<testcase name="testIsEmptyPezziCatturati()" classname="gioco.GiocatoreTest" time="0.001">
<system-out><![CDATA[
unique-id: [engine:junit-jupiter]/[class:gioco.GiocatoreTest]/[method:testIsEmptyPezziCatturati()]
display-name: testIsEmptyPezziCatturati()
]]></system-out>
</testcase>
<testcase name="testGetNome()" classname="gioco.GiocatoreTest" time="0">
<system-out><![CDATA[
unique-id: [engine:junit-jupiter]/[class:gioco.GiocatoreTest]/[method:testGetNome()]
display-name: testGetNome()
]]></system-out>
</testcase>
<testcase name="testGetPezziCatturati()" classname="gioco.GiocatoreTest" time="0.001">
<system-out><![CDATA[
unique-id: [engine:junit-jupiter]/[class:gioco.GiocatoreTest]/[method:testGetPezziCatturati()]
display-name: testGetPezziCatturati()
]]></system-out>
</testcase>
<testcase name="testRemovePezzoCatturato()" classname="gioco.GiocatoreTest" time="0">
<system-out><![CDATA[
unique-id: [engine:junit-jupiter]/[class:gioco.GiocatoreTest]/[method:testRemovePezzoCatturato()]
display-name: testRemovePezzoCatturato()
]]></system-out>
</testcase>
<testcase name="testGetColore()" classname="gioco.GiocatoreTest" time="0">
<system-out><![CDATA[
unique-id: [engine:junit-jupiter]/[class:gioco.GiocatoreTest]/[method:testGetColore()]
display-name: testGetColore()
]]></system-out>
</testcase>
<testcase name="testToString()" classname="gioco.ComandoTest" time="0">
<system-out><![CDATA[
unique-id: [engine:junit-jupiter]/[class:gioco.ComandoTest]/[method:testToString()]
display-name: testToString()
]]></system-out>
</testcase>
<testcase name="testGetNome()" classname="gioco.ComandoTest" time="0">
<system-out><![CDATA[
unique-id: [engine:junit-jupiter]/[class:gioco.ComandoTest]/[method:testGetNome()]
display-name: testGetNome()
]]></system-out>
</testcase>
<testcase name="testGetDescrizione()" classname="gioco.ComandoTest" time="0">
<system-out><![CDATA[
unique-id: [engine:junit-jupiter]/[class:gioco.ComandoTest]/[method:testGetDescrizione()]
display-name: testGetDescrizione()
]]></system-out>
</testcase>
<testcase name="testConvertiMossa()" classname="scacchiera.pedine.CavalloTest" time="0.005">
<system-out><![CDATA[
unique-id: [engine:junit-jupiter]/[class:scacchiera.pedine.CavalloTest]/[method:testConvertiMossa()]
display-name: testConvertiMossa()
]]></system-out>
</testcase>
<testcase name="testIsMossaValida()" classname="scacchiera.pedine.CavalloTest" time="0.001">
<system-out><![CDATA[
unique-id: [engine:junit-jupiter]/[class:scacchiera.pedine.CavalloTest]/[method:testIsMossaValida()]
display-name: testIsMossaValida()
]]></system-out>
</testcase>
<system-out><![CDATA[
unique-id: [engine:junit-jupiter]
display-name: JUnit Jupiter
]]></system-out>
</testsuite>
